<?xml version="1.0" encoding="UTF-8"?>
<!-- Generated by org.testng.reporters.JUnitXMLReporter -->
<testsuite ignored="0" hostname="BINTERNS-QA35L" failures="1" tests="32" name="Test" time="148.463" errors="0" timestamp="2023-05-25T14:34:25 IST">
  <testcase classname="testmethod.Pharmeasy_footer1" name="Featured_categories" time="0.047"/>
  <testcase classname="testmethod.Pharmeasy_footer1" name="Topproducts" time="10.923"/>
  <testcase classname="testmethod.Pharmeasy_footer1" name="Homet" time="2.292"/>
  <testcase classname="testmethod.Pharmeasy_footer1" name="Megasale" time="5.743"/>
  <testcase classname="testmethod.Pharmeasy_footer1" name="Healthfood" time="6.883"/>
  <testcase classname="testmethod.Pharmeasy_footer1" name="Homecare" time="6.169"/>
  <testcase classname="testmethod.Pharmeasy_footer1" name="Mothercare" time="8.397"/>
  <testcase classname="testmethod.Pharmeasy_footer1" name="Diabeticcare" time="4.971"/>
  <testcase classname="testmethod.Pharmeasy_footer1" name="Accessories" time="5.155"/>
  <testcase classname="testmethod.Pharmeasy_footer1" name="Ayurvediccare" time="4.998"/>
  <testcase classname="testmethod.Pharmeasy_footer1" name="Elderlycare" time="17.972"/>
  <testcase classname="testmethod.Pharmeasy_footer1" name="Need_help" time="0.03"/>
  <testcase classname="testmethod.Pharmeasy_footer1" name="Browseall_medicine" time="2.414"/>
  <testcase classname="testmethod.Pharmeasy_footer1" name="Browseall_medicineB" time="2.17"/>
  <testcase classname="testmethod.Pharmeasy_footer1" name="Browseall_medicineC" time="2.103"/>
  <testcase classname="testmethod.Pharmeasy_footer1" name="Browseall_medicineK" time="2.101"/>
  <testcase classname="testmethod.Pharmeasy_footer1" name="Browseall_medicineR" time="2.079"/>
  <testcase classname="testmethod.Pharmeasy_footer1" name="Browseall_medicineX" time="2.118"/>
  <testcase classname="testmethod.Pharmeasy_footer1" name="Browseall_medicineLast" time="2.115"/>
  <testcase classname="testmethod.Pharmeasy_footer1" name="Browseall_molecules" time="2.419"/>
  <testcase classname="testmethod.Pharmeasy_footer1" name="Browseall_moleculesE" time="2.101"/>
  <testcase classname="testmethod.Pharmeasy_footer1" name="Browseall_moleculesH" time="2.122"/>
  <testcase classname="testmethod.Pharmeasy_footer1" name="Browseall_moleculesM" time="2.107"/>
  <testcase classname="testmethod.Pharmeasy_footer1" name="Browseall_moleculesS" time="2.126"/>
  <testcase classname="testmethod.Pharmeasy_footer1" name="Browseall_cities" time="2.542"/>
  <testcase classname="testmethod.Pharmeasy_footer1" name="Mumbai" time="2.293"/>
  <testcase classname="testmethod.Pharmeasy_footer1" name="Delhi" time="2.251"/>
  <testcase classname="testmethod.Pharmeasy_footer1" name="Chennai" time="2.27"/>
  <testcase classname="testmethod.Pharmeasy_footer1" name="Nagpur" time="2.254"/>
  <testcase classname="testmethod.Pharmeasy_footer1" name="Browseall_stories" time="5.059"/>
  <testcase classname="testmethod.Pharmeasy_footer1" name="Store_near" time="1.057"/>
  <testcase classname="testmethod.Pharmeasy_footer1" name="Filter_city" time="31.103">
    <failure type="org.openqa.selenium.NoSuchElementException" message="no such element: Unable to locate element: {&amp;quot;method&amp;quot;:&amp;quot;xpath&amp;quot;,&amp;quot;selector&amp;quot;:&amp;quot;//li[@data-value=&amp;apos;7&amp;apos;]&amp;quot;}
  (Session info: chrome=113.0.5672.127)
For documentation on this error, please visit: https://selenium.dev/exceptions/#no_such_element
Build info: version: &amp;apos;4.8.2&amp;apos;, revision: &amp;apos;826dbfc730&amp;apos;
System info: os.name: &amp;apos;Windows 10&amp;apos;, os.arch: &amp;apos;amd64&amp;apos;, os.version: &amp;apos;10.0&amp;apos;, java.version: &amp;apos;17.0.5&amp;apos;
Driver info: org.openqa.selenium.chrome.ChromeDriver
Command: [cae627b6ea7a53c40df3c3401b5c068c, findElement {using=xpath, value=//li[@data-value=&amp;apos;7&amp;apos;]}]
Capabilities {acceptInsecureCerts: false, browserName: chrome, browserVersion: 113.0.5672.127, chrome: {chromedriverVersion: 113.0.5672.63 (0e1a4471d5ae..., userDataDir: C:\Users\ISRIVA~1\AppData\L...}, goog:chromeOptions: {debuggerAddress: localhost:52919}, networkConnectionEnabled: false, pageLoadStrategy: normal, platformName: WINDOWS, proxy: Proxy(), se:cdp: ws://localhost:52919/devtoo..., se:cdpVersion: 113.0.5672.127, setWindowRect: true, strictFileInteractability: false, timeouts: {implicit: 0, pageLoad: 300000, script: 30000}, unhandledPromptBehavior: dismiss and notify, webauthn:extension:credBlob: true, webauthn:extension:largeBlob: true, webauthn:extension:minPinLength: true, webauthn:extension:prf: true, webauthn:virtualAuthenticators: true}
Session ID: cae627b6ea7a53c40df3c3401b5c068c">
      <![CDATA[org.openqa.selenium.NoSuchElementException: no such element: Unable to locate element: {"method":"xpath","selector":"//li[@data-value='7']"}
  (Session info: chrome=113.0.5672.127)
For documentation on this error, please visit: https://selenium.dev/exceptions/#no_such_element
Build info: version: '4.8.2', revision: '826dbfc730'
System info: os.name: 'Windows 10', os.arch: 'amd64', os.version: '10.0', java.version: '17.0.5'
Driver info: org.openqa.selenium.chrome.ChromeDriver
Command: [cae627b6ea7a53c40df3c3401b5c068c, findElement {using=xpath, value=//li[@data-value='7']}]
Capabilities {acceptInsecureCerts: false, browserName: chrome, browserVersion: 113.0.5672.127, chrome: {chromedriverVersion: 113.0.5672.63 (0e1a4471d5ae..., userDataDir: C:\Users\ISRIVA~1\AppData\L...}, goog:chromeOptions: {debuggerAddress: localhost:52919}, networkConnectionEnabled: false, pageLoadStrategy: normal, platformName: WINDOWS, proxy: Proxy(), se:cdp: ws://localhost:52919/devtoo..., se:cdpVersion: 113.0.5672.127, setWindowRect: true, strictFileInteractability: false, timeouts: {implicit: 0, pageLoad: 300000, script: 30000}, unhandledPromptBehavior: dismiss and notify, webauthn:extension:credBlob: true, webauthn:extension:largeBlob: true, webauthn:extension:minPinLength: true, webauthn:extension:prf: true, webauthn:virtualAuthenticators: true}
Session ID: cae627b6ea7a53c40df3c3401b5c068c
at org.openqa.selenium.remote.codec.w3c.W3CHttpResponseCodec.createException(W3CHttpResponseCodec.java:200)
at org.openqa.selenium.remote.codec.w3c.W3CHttpResponseCodec.decode(W3CHttpResponseCodec.java:133)
at org.openqa.selenium.remote.codec.w3c.W3CHttpResponseCodec.decode(W3CHttpResponseCodec.java:53)
at org.openqa.selenium.remote.HttpCommandExecutor.execute(HttpCommandExecutor.java:193)
at org.openqa.selenium.remote.service.DriverCommandExecutor.invokeExecute(DriverCommandExecutor.java:183)
at org.openqa.selenium.remote.service.DriverCommandExecutor.execute(DriverCommandExecutor.java:158)
at org.openqa.selenium.remote.RemoteWebDriver.execute(RemoteWebDriver.java:543)
at org.openqa.selenium.remote.ElementLocation$ElementFinder$2.findElement(ElementLocation.java:162)
at org.openqa.selenium.remote.ElementLocation.findElement(ElementLocation.java:60)
at org.openqa.selenium.remote.RemoteWebDriver.findElement(RemoteWebDriver.java:352)
at org.openqa.selenium.remote.RemoteWebDriver.findElement(RemoteWebDriver.java:344)
at testpage.Pharmeasy_page.Filter_city(Pharmeasy_page.java:1726)
at testmethod.Pharmeasy_footer1.Filter_city(Pharmeasy_footer1.java:211)
at java.base/java.util.ArrayList.forEach(ArrayList.java:1511)
... Removed 32 stack frames]]>
    </failure>
  </testcase> <!-- Filter_city -->
</testsuite> <!-- Test -->
